<?xml version="1.0" encoding="UTF-8"?>
<!-- Generated by org.testng.reporters.JUnitReportReporter -->
<testsuite hostname="testvm01" failures="0" tests="2" name="testNGExecution.SearchJava" time="20.287" errors="0" timestamp="2023-09-18T10:49:21 IST" skipped="0">
  <testcase classname="testNGExecution.SearchJava" name="java_Search_In_Chrome" time="10.558">
    <system-out>
      <![CDATA[java]]>
    </system-out>
  </testcase> <!-- java_Search_In_Chrome -->
  <testcase classname="testNGExecution.SearchJava" name="java_Search_In_Chrome" time="9.729">
    <system-out>
      <![CDATA[java]]>
    </system-out>
  </testcase> <!-- java_Search_In_Chrome -->
  <system-out>
    <![CDATA[java
Selenium
SQL
Selenium
java
SQL]]>
  </system-out>
</testsuite> <!-- testNGExecution.SearchJava -->
