<?xml version="1.0" encoding="UTF-8"?>
<!-- Generated by org.testng.reporters.JUnitReportReporter -->
<testsuite hostname="testvm01" failures="0" tests="2" name="testNGExecution.TestNGClass1" time="0.066" errors="0" timestamp="2023-09-18T10:58:30 IST" skipped="0">
  <testcase classname="testNGExecution.TestNGClass1" name="method1" time="0.015">
    <system-out>
      <![CDATA[TestNGClass1]]>
    </system-out>
  </testcase> <!-- method1 -->
  <testcase classname="testNGExecution.TestNGClass1" name="method2" time="0.051">
    <system-out>
      <![CDATA[TestNGClass1]]>
    </system-out>
  </testcase> <!-- method2 -->
  <system-out>
    <![CDATA[TestNGClass2
TestNGClass1
TestNGClass3
TestNGClass2
TestNGClass3
TestNGClass1]]>
  </system-out>
</testsuite> <!-- testNGExecution.TestNGClass1 -->
