<?xml version="1.0" encoding="UTF-8"?>
<!-- Generated by org.testng.reporters.JUnitReportReporter -->
<testsuite hostname="testvm01" failures="0" tests="5" name="testNGAnnotation.ActiTimeDataProvider" time="11.285" errors="0" timestamp="2023-09-23T11:57:44 IST" skipped="0">
  <testcase classname="testNGAnnotation.ActiTimeDataProvider" name="invalidLoginMethod" time="3.145"/>
  <testcase classname="testNGAnnotation.ActiTimeDataProvider" name="invalidLoginMethod" time="1.723"/>
  <testcase classname="testNGAnnotation.ActiTimeDataProvider" name="invalidLoginMethod" time="1.779"/>
  <testcase classname="testNGAnnotation.ActiTimeDataProvider" name="invalidLoginMethod" time="2.743"/>
  <testcase classname="testNGAnnotation.ActiTimeDataProvider" name="invalidLoginMethod" time="1.895"/>
</testsuite> <!-- testNGAnnotation.ActiTimeDataProvider -->
