<?xml version="1.0" encoding="UTF-8"?>
<!-- Generated by org.testng.reporters.JUnitReportReporter -->
<testsuite hostname="testvm01" failures="0" tests="9" name="testNGAnnotation.Flag4" time="0.032" errors="0" timestamp="2023-09-20T14:12:36 IST" skipped="0">
  <testcase classname="testNGAnnotation.Flag4" name="f" time="0.012"/>
  <testcase classname="testNGAnnotation.Flag4" name="w" time="0.005"/>
  <testcase classname="testNGAnnotation.Flag4" name="z" time="0.003"/>
  <testcase classname="testNGAnnotation.Flag4" name="r" time="0.003"/>
  <testcase classname="testNGAnnotation.Flag4" name="c" time="0.004"/>
  <testcase classname="testNGAnnotation.Flag4" name="l" time="0.003"/>
  <testcase classname="testNGAnnotation.Flag4" name="g" time="0.002"/>
  <testcase classname="testNGAnnotation.Flag4" name="h" time="0.000"/>
  <testcase classname="testNGAnnotation.Flag4" name="q" time="0.000"/>
</testsuite> <!-- testNGAnnotation.Flag4 -->
