<?xml version="1.0" encoding="UTF-8"?>
<!-- Generated by org.testng.reporters.JUnitReportReporter -->
<testsuite hostname="testvm01" failures="0" tests="2" name="testNGExecution.SearchSQL" time="19.878" errors="0" timestamp="2023-09-18T10:49:21 IST" skipped="0">
  <testcase classname="testNGExecution.SearchSQL" name="search_sql_in_firefox" time="10.102">
    <system-out>
      <![CDATA[SQL]]>
    </system-out>
  </testcase> <!-- search_sql_in_firefox -->
  <testcase classname="testNGExecution.SearchSQL" name="search_sql_in_firefox" time="9.776">
    <system-out>
      <![CDATA[SQL]]>
    </system-out>
  </testcase> <!-- search_sql_in_firefox -->
  <system-out>
    <![CDATA[java
Selenium
SQL
Selenium
java
SQL]]>
  </system-out>
</testsuite> <!-- testNGExecution.SearchSQL -->
