<?xml version="1.0" encoding="UTF-8"?>
<!-- Generated by org.testng.reporters.JUnitReportReporter -->
<testsuite hostname="testvm01" failures="0" tests="2" name="testNGPackage.Demo3" time="0.006" errors="0" timestamp="2023-09-16T13:07:33 IST" skipped="0">
  <testcase classname="testNGPackage.Demo3" name="method5" time="0.002">
    <system-out>
      <![CDATA[Method5]]>
    </system-out>
  </testcase> <!-- method5 -->
  <testcase classname="testNGPackage.Demo3" name="method6" time="0.004">
    <system-out>
      <![CDATA[Method6]]>
    </system-out>
  </testcase> <!-- method6 -->
  <system-out>
    <![CDATA[Method1
method2
Method5
Method6
Method3
Method4]]>
  </system-out>
</testsuite> <!-- testNGPackage.Demo3 -->
