<?xml version="1.0" encoding="UTF-8"?>
<!-- Generated by org.testng.reporters.JUnitReportReporter -->
<testsuite hostname="testvm01" failures="0" tests="2" name="testNGPackage.Demo2" time="0.006" errors="0" timestamp="2023-09-16T13:07:33 IST" skipped="0">
  <testcase classname="testNGPackage.Demo2" name="method4" time="0.003">
    <system-out>
      <![CDATA[Method4]]>
    </system-out>
  </testcase> <!-- method4 -->
  <testcase classname="testNGPackage.Demo2" name="method3" time="0.003">
    <system-out>
      <![CDATA[Method3]]>
    </system-out>
  </testcase> <!-- method3 -->
  <system-out>
    <![CDATA[Method1
method2
Method5
Method6
Method3
Method4]]>
  </system-out>
</testsuite> <!-- testNGPackage.Demo2 -->
