<?xml version="1.0" encoding="UTF-8"?>
<!-- Generated by org.testng.reporters.JUnitReportReporter -->
<testsuite hostname="testvm01" failures="0" tests="2" name="testNGAnnotation.TestNGAnnotaions" time="0.014" errors="0" timestamp="2023-09-18T13:58:19 IST" skipped="0">
  <testcase classname="testNGAnnotation.TestNGAnnotaions" name="method_test_Annotation12" time="0.003">
    <system-out>
      <![CDATA[TestAnnotation2]]>
    </system-out>
  </testcase> <!-- method_test_Annotation12 -->
  <testcase classname="testNGAnnotation.TestNGAnnotaions" name="method_test_Annotation1" time="0.011">
    <system-out>
      <![CDATA[TestAnnotation1]]>
    </system-out>
  </testcase> <!-- method_test_Annotation1 -->
  <system-out>
    <![CDATA[BeforeSuiteAnnotation
BeforeTestAnnotation
BeforeClassAnnotation
BeforeMethodAnnotation
TestAnnotation1
AfterMethodAnnotation
BeforeMethodAnnotation
TestAnnotation2
AfterMethodAnnotation
AfterClassAnnotation
AfterTestAnnotation
AfterSuiteAnnotation]]>
  </system-out>
</testsuite> <!-- testNGAnnotation.TestNGAnnotaions -->
