<?xml version="1.0" encoding="UTF-8"?>
<!-- Generated by org.testng.reporters.JUnitReportReporter -->
<testsuite hostname="testvm01" failures="0" tests="2" name="testNGPackage.Demo" time="0.019" errors="0" timestamp="2023-09-16T13:07:33 IST" skipped="0">
  <testcase classname="testNGPackage.Demo" name="method1" time="0.012">
    <system-out>
      <![CDATA[Method1]]>
    </system-out>
  </testcase> <!-- method1 -->
  <testcase classname="testNGPackage.Demo" name="method12" time="0.007">
    <system-out>
      <![CDATA[method2]]>
    </system-out>
  </testcase> <!-- method12 -->
  <system-out>
    <![CDATA[Method1
method2
Method5
Method6
Method3
Method4]]>
  </system-out>
</testsuite> <!-- testNGPackage.Demo -->
