<?xml version="1.0" encoding="UTF-8"?>
<!-- Generated by org.testng.reporters.JUnitReportReporter -->
<testsuite hostname="testvm01" failures="0" tests="3" name="testNGAnnotation.Flag1" time="0.035" errors="0" timestamp="2023-09-20T13:31:01 IST" skipped="1">
  <testcase classname="testNGAnnotation.Flag1" name="method3" time="0.002">
    <system-out>
      <![CDATA[Method3]]>
    </system-out>
  </testcase> <!-- method3 -->
  <testcase classname="testNGAnnotation.Flag1" name="method1" time="0.033">
    <system-out>
      <![CDATA[Method1]]>
    </system-out>
  </testcase> <!-- method1 -->
  <testcase classname="testNGAnnotation.Flag1" name="method2">
    <skipped/>
  </testcase> <!-- method2 -->
  <system-out>
    <![CDATA[Method1
Method3]]>
  </system-out>
</testsuite> <!-- testNGAnnotation.Flag1 -->
