<?xml version="1.0" encoding="UTF-8"?>
<!-- Generated by org.testng.reporters.JUnitReportReporter -->
<testsuite hostname="testvm01" failures="0" tests="2" name="testNGExecution.TestNGClass3" time="0.036" errors="0" timestamp="2023-09-18T10:58:30 IST" skipped="0">
  <testcase classname="testNGExecution.TestNGClass3" name="method5" time="0.034">
    <system-out>
      <![CDATA[TestNGClass3]]>
    </system-out>
  </testcase> <!-- method5 -->
  <testcase classname="testNGExecution.TestNGClass3" name="method6" time="0.002">
    <system-out>
      <![CDATA[TestNGClass3]]>
    </system-out>
  </testcase> <!-- method6 -->
  <system-out>
    <![CDATA[TestNGClass2
TestNGClass1
TestNGClass3
TestNGClass2
TestNGClass3
TestNGClass1]]>
  </system-out>
</testsuite> <!-- testNGExecution.TestNGClass3 -->
