<?xml version="1.0" encoding="UTF-8"?>
<!-- Generated by org.testng.reporters.JUnitReportReporter -->
<testsuite hostname="testvm01" failures="0" tests="1" name="testNGPackage.NewTest" time="0.047" errors="0" timestamp="2023-09-15T07:48:12 UTC" skipped="0">
  <testcase classname="testNGPackage.NewTest" name="f" time="0.047"/>
</testsuite> <!-- testNGPackage.NewTest -->
