<?xml version="1.0" encoding="UTF-8"?>
<!-- Generated by org.testng.reporters.JUnitReportReporter -->
<testsuite hostname="testvm01" failures="0" tests="18" name="testNGAnnotation.Flag6" time="0.057" errors="0" timestamp="2023-09-20T15:12:12 IST" skipped="0">
  <testcase classname="testNGAnnotation.Flag6" name="integration_TesCase2" time="0.001"/>
  <testcase classname="testNGAnnotation.Flag6" name="functional_TesCase6" time="0.001"/>
  <testcase classname="testNGAnnotation.Flag6" name="system_TesCase5" time="0.001"/>
  <testcase classname="testNGAnnotation.Flag6" name="system_TesCase6" time="0.001"/>
  <testcase classname="testNGAnnotation.Flag6" name="functional_TesCase3" time="0.001"/>
  <testcase classname="testNGAnnotation.Flag6" name="integration_TesCase5" time="0.002"/>
  <testcase classname="testNGAnnotation.Flag6" name="system_TesCase3" time="0.001"/>
  <testcase classname="testNGAnnotation.Flag6" name="functional_TesCase1" time="0.010"/>
  <testcase classname="testNGAnnotation.Flag6" name="integration_TesCase1" time="0.001"/>
  <testcase classname="testNGAnnotation.Flag6" name="system_TesCase1" time="0.002"/>
  <testcase classname="testNGAnnotation.Flag6" name="functional_TesCase4" time="0.001"/>
  <testcase classname="testNGAnnotation.Flag6" name="integration_TesCase4" time="0.002"/>
  <testcase classname="testNGAnnotation.Flag6" name="integration_TesCase3" time="0.001"/>
  <testcase classname="testNGAnnotation.Flag6" name="system_TesCase2" time="0.001"/>
  <testcase classname="testNGAnnotation.Flag6" name="system_TesCase4" time="0.026"/>
  <testcase classname="testNGAnnotation.Flag6" name="integration_TesCase6" time="0.001"/>
  <testcase classname="testNGAnnotation.Flag6" name="functional_TesCase5" time="0.003"/>
  <testcase classname="testNGAnnotation.Flag6" name="functional_TesCase2" time="0.001"/>
</testsuite> <!-- testNGAnnotation.Flag6 -->
