<?xml version="1.0" encoding="UTF-8"?>
<!-- Generated by org.testng.reporters.JUnitReportReporter -->
<testsuite hostname="testvm01" failures="0" tests="2" name="testNGExecution.TestNGClass2" time="0.043" errors="0" timestamp="2023-09-18T10:58:30 IST" skipped="0">
  <testcase classname="testNGExecution.TestNGClass2" name="method3" time="0.032">
    <system-out>
      <![CDATA[TestNGClass2]]>
    </system-out>
  </testcase> <!-- method3 -->
  <testcase classname="testNGExecution.TestNGClass2" name="method4" time="0.011">
    <system-out>
      <![CDATA[TestNGClass2]]>
    </system-out>
  </testcase> <!-- method4 -->
  <system-out>
    <![CDATA[TestNGClass2
TestNGClass1
TestNGClass3
TestNGClass2
TestNGClass3
TestNGClass1]]>
  </system-out>
</testsuite> <!-- testNGExecution.TestNGClass2 -->
