<?xml version="1.0" encoding="UTF-8"?>
<!-- Generated by org.testng.reporters.JUnitReportReporter -->
<testsuite hostname="testvm01" failures="0" tests="3" name="testNGAnnotation.Flag5" time="0.032" errors="0" timestamp="2023-09-20T14:28:17 IST" skipped="0">
  <testcase classname="testNGAnnotation.Flag5" name="create_user_method" time="0.002"/>
  <testcase classname="testNGAnnotation.Flag5" name="logout_method" time="0.001"/>
  <testcase classname="testNGAnnotation.Flag5" name="login_method" time="0.029"/>
</testsuite> <!-- testNGAnnotation.Flag5 -->
