<?xml version="1.0" encoding="UTF-8"?>
<!-- Generated by org.testng.reporters.JUnitReportReporter -->
<testsuite hostname="testvm01" failures="0" tests="2" name="testNGExecution.SearchSelenium" time="23.750" errors="0" timestamp="2023-09-18T10:49:21 IST" skipped="0">
  <testcase classname="testNGExecution.SearchSelenium" name="Search_Selenium_in_Edge" time="10.932">
    <system-out>
      <![CDATA[Selenium]]>
    </system-out>
  </testcase> <!-- Search_Selenium_in_Edge -->
  <testcase classname="testNGExecution.SearchSelenium" name="Search_Selenium_in_Edge" time="12.818">
    <system-out>
      <![CDATA[Selenium]]>
    </system-out>
  </testcase> <!-- Search_Selenium_in_Edge -->
  <system-out>
    <![CDATA[java
Selenium
SQL
Selenium
java
SQL]]>
  </system-out>
</testsuite> <!-- testNGExecution.SearchSelenium -->
