<?xml version="1.0" encoding="UTF-8"?>
<!-- Generated by org.testng.reporters.JUnitReportReporter -->
<testsuite hostname="testvm01" failures="0" tests="1" name="testNGPackage.ActiTimeAssertion" time="3.336" errors="0" timestamp="2023-09-21T14:53:25 IST" skipped="0">
  <testcase classname="testNGPackage.ActiTimeAssertion" name="login_Method" time="3.336"/>
</testsuite> <!-- testNGPackage.ActiTimeAssertion -->
